2025-01-09 08:48:47,903 ERROR scheduler Skipped queueing helpdesk.search.build_index_if_not_exists because it was found in queue for ivy.com
2025-01-09 08:48:47,937 ERROR scheduler Skipped queueing frappe.integrations.doctype.google_drive.google_drive.daily_backup because it was found in queue for ivy.com
2025-01-09 08:48:47,940 ERROR scheduler Skipped queueing frappe.email.doctype.auto_email_report.auto_email_report.send_daily because it was found in queue for ivy.com
2025-01-09 08:48:47,944 ERROR scheduler Skipped queueing frappe.integrations.doctype.s3_backup_settings.s3_backup_settings.take_backups_daily because it was found in queue for ivy.com
2025-01-09 08:48:47,947 ERROR scheduler Skipped queueing frappe.integrations.doctype.dropbox_settings.dropbox_settings.take_backups_daily because it was found in queue for ivy.com
2025-01-09 08:48:47,949 ERROR scheduler Skipped queueing frappe.automation.doctype.auto_repeat.auto_repeat.set_auto_repeat_as_completed because it was found in queue for ivy.com
2025-01-09 08:48:47,951 ERROR scheduler Skipped queueing frappe.automation.doctype.auto_repeat.auto_repeat.make_auto_repeat_entry because it was found in queue for ivy.com
2025-01-09 08:48:47,954 ERROR scheduler Skipped queueing frappe.integrations.doctype.google_contacts.google_contacts.sync because it was found in queue for ivy.com
2025-01-09 08:48:47,956 ERROR scheduler Skipped queueing frappe.social.doctype.energy_point_settings.energy_point_settings.allocate_review_points because it was found in queue for ivy.com
2025-01-09 08:48:47,958 ERROR scheduler Skipped queueing frappe.desk.form.document_follow.send_daily_updates because it was found in queue for ivy.com
2025-01-09 08:48:47,961 ERROR scheduler Skipped queueing frappe.website.doctype.personal_data_deletion_request.personal_data_deletion_request.remove_unverified_record because it was found in queue for ivy.com
2025-01-09 08:48:47,963 ERROR scheduler Skipped queueing frappe.email.doctype.notification.notification.trigger_daily_alerts because it was found in queue for ivy.com
2025-01-09 08:48:47,965 ERROR scheduler Skipped queueing frappe.sessions.clear_expired_sessions because it was found in queue for ivy.com
2025-01-09 08:48:47,967 ERROR scheduler Skipped queueing frappe.desk.doctype.event.event.send_event_digest because it was found in queue for ivy.com
2025-01-09 08:48:47,970 ERROR scheduler Skipped queueing frappe.desk.notifications.clear_notifications because it was found in queue for ivy.com
2025-01-09 08:48:47,972 ERROR scheduler Skipped queueing frappe.website.doctype.personal_data_deletion_request.personal_data_deletion_request.process_data_deletion_request because it was found in queue for ivy.com
2025-01-09 08:48:47,975 ERROR scheduler Skipped queueing frappe.email.doctype.newsletter.newsletter.send_scheduled_email because it was found in queue for ivy.com
2025-01-09 08:48:47,977 ERROR scheduler Skipped queueing frappe.integrations.doctype.google_calendar.google_calendar.sync because it was found in queue for ivy.com
2025-01-09 08:48:47,979 ERROR scheduler Skipped queueing frappe.desk.form.document_follow.send_hourly_updates because it was found in queue for ivy.com
2025-01-09 08:48:47,981 ERROR scheduler Skipped queueing frappe.desk.page.backups.backups.delete_downloadable_backups because it was found in queue for ivy.com
2025-01-09 08:48:47,984 ERROR scheduler Skipped queueing frappe.model.utils.user_settings.sync_user_settings because it was found in queue for ivy.com
2025-01-09 08:48:47,986 ERROR scheduler Skipped queueing frappe.model.utils.link_count.update_link_count because it was found in queue for ivy.com
2025-01-09 08:48:47,989 ERROR scheduler Skipped queueing frappe.monitor.flush because it was found in queue for ivy.com
2025-01-09 08:48:47,991 ERROR scheduler Skipped queueing frappe.email.queue.flush because it was found in queue for ivy.com
2025-01-09 08:48:47,994 ERROR scheduler Skipped queueing frappe.core.doctype.log_settings.log_settings.run_log_clean_up because it was found in queue for ivy.com
2025-01-09 08:48:47,996 ERROR scheduler Skipped queueing frappe.core.doctype.prepared_report.prepared_report.expire_stalled_report because it was found in queue for ivy.com
2025-01-09 08:48:47,999 ERROR scheduler Skipped queueing frappe.email.doctype.email_account.email_account.pull because it was found in queue for ivy.com
2025-01-09 08:48:48,001 ERROR scheduler Skipped queueing frappe.automation.doctype.reminder.reminder.send_reminders because it was found in queue for ivy.com
2025-01-09 08:48:48,004 ERROR scheduler Skipped queueing frappe.deferred_insert.save_to_db because it was found in queue for ivy.com
2025-01-09 08:48:48,006 ERROR scheduler Skipped queueing frappe.utils.global_search.sync_global_search because it was found in queue for ivy.com
2025-01-09 08:48:48,009 ERROR scheduler Skipped queueing frappe.email.doctype.email_account.email_account.notify_unreplied because it was found in queue for ivy.com
2025-01-09 08:48:48,011 ERROR scheduler Skipped queueing frappe.twofactor.delete_all_barcodes_for_users because it was found in queue for ivy.com
2025-01-09 08:48:48,014 ERROR scheduler Skipped queueing frappe.website.doctype.web_page.web_page.check_publish_status because it was found in queue for ivy.com
2025-01-09 08:48:48,016 ERROR scheduler Skipped queueing frappe.oauth.delete_oauth2_data because it was found in queue for ivy.com
2025-01-09 08:49:48,049 ERROR scheduler Skipped queueing helpdesk.search.build_index_if_not_exists because it was found in queue for ivy.com
2025-01-09 08:49:48,131 ERROR scheduler Skipped queueing frappe.integrations.doctype.google_drive.google_drive.daily_backup because it was found in queue for ivy.com
2025-01-09 08:49:48,142 ERROR scheduler Skipped queueing frappe.email.doctype.auto_email_report.auto_email_report.send_daily because it was found in queue for ivy.com
2025-01-09 08:49:48,150 ERROR scheduler Skipped queueing frappe.integrations.doctype.s3_backup_settings.s3_backup_settings.take_backups_daily because it was found in queue for ivy.com
2025-01-09 08:49:48,157 ERROR scheduler Skipped queueing frappe.integrations.doctype.dropbox_settings.dropbox_settings.take_backups_daily because it was found in queue for ivy.com
2025-01-09 08:49:48,163 ERROR scheduler Skipped queueing frappe.automation.doctype.auto_repeat.auto_repeat.set_auto_repeat_as_completed because it was found in queue for ivy.com
2025-01-09 08:49:48,170 ERROR scheduler Skipped queueing frappe.automation.doctype.auto_repeat.auto_repeat.make_auto_repeat_entry because it was found in queue for ivy.com
2025-01-09 08:49:48,174 ERROR scheduler Skipped queueing frappe.integrations.doctype.google_contacts.google_contacts.sync because it was found in queue for ivy.com
2025-01-09 08:49:48,178 ERROR scheduler Skipped queueing frappe.social.doctype.energy_point_settings.energy_point_settings.allocate_review_points because it was found in queue for ivy.com
2025-01-09 08:49:48,181 ERROR scheduler Skipped queueing frappe.desk.form.document_follow.send_daily_updates because it was found in queue for ivy.com
2025-01-09 08:49:48,189 ERROR scheduler Skipped queueing frappe.website.doctype.personal_data_deletion_request.personal_data_deletion_request.remove_unverified_record because it was found in queue for ivy.com
2025-01-09 08:49:48,193 ERROR scheduler Skipped queueing frappe.email.doctype.notification.notification.trigger_daily_alerts because it was found in queue for ivy.com
2025-01-09 08:49:48,197 ERROR scheduler Skipped queueing frappe.sessions.clear_expired_sessions because it was found in queue for ivy.com
2025-01-09 08:49:48,205 ERROR scheduler Skipped queueing frappe.desk.doctype.event.event.send_event_digest because it was found in queue for ivy.com
2025-01-09 08:49:48,210 ERROR scheduler Skipped queueing frappe.desk.notifications.clear_notifications because it was found in queue for ivy.com
2025-01-09 08:49:48,214 ERROR scheduler Skipped queueing frappe.website.doctype.personal_data_deletion_request.personal_data_deletion_request.process_data_deletion_request because it was found in queue for ivy.com
2025-01-09 08:49:48,218 ERROR scheduler Skipped queueing frappe.email.doctype.newsletter.newsletter.send_scheduled_email because it was found in queue for ivy.com
2025-01-09 08:49:48,224 ERROR scheduler Skipped queueing frappe.integrations.doctype.google_calendar.google_calendar.sync because it was found in queue for ivy.com
2025-01-09 08:49:48,228 ERROR scheduler Skipped queueing frappe.desk.form.document_follow.send_hourly_updates because it was found in queue for ivy.com
2025-01-09 08:49:48,232 ERROR scheduler Skipped queueing frappe.desk.page.backups.backups.delete_downloadable_backups because it was found in queue for ivy.com
2025-01-09 08:49:48,239 ERROR scheduler Skipped queueing frappe.model.utils.user_settings.sync_user_settings because it was found in queue for ivy.com
2025-01-09 08:49:48,244 ERROR scheduler Skipped queueing frappe.model.utils.link_count.update_link_count because it was found in queue for ivy.com
2025-01-09 08:49:48,250 ERROR scheduler Skipped queueing frappe.monitor.flush because it was found in queue for ivy.com
2025-01-09 08:49:48,259 ERROR scheduler Skipped queueing frappe.email.queue.flush because it was found in queue for ivy.com
2025-01-09 08:49:48,267 ERROR scheduler Skipped queueing frappe.core.doctype.log_settings.log_settings.run_log_clean_up because it was found in queue for ivy.com
2025-01-09 08:49:48,274 ERROR scheduler Skipped queueing frappe.core.doctype.prepared_report.prepared_report.expire_stalled_report because it was found in queue for ivy.com
2025-01-09 08:49:48,280 ERROR scheduler Skipped queueing frappe.email.doctype.email_account.email_account.pull because it was found in queue for ivy.com
2025-01-09 08:49:48,286 ERROR scheduler Skipped queueing frappe.automation.doctype.reminder.reminder.send_reminders because it was found in queue for ivy.com
2025-01-09 08:49:48,293 ERROR scheduler Skipped queueing frappe.deferred_insert.save_to_db because it was found in queue for ivy.com
2025-01-09 08:49:48,297 ERROR scheduler Skipped queueing frappe.utils.global_search.sync_global_search because it was found in queue for ivy.com
2025-01-09 08:49:48,303 ERROR scheduler Skipped queueing frappe.email.doctype.email_account.email_account.notify_unreplied because it was found in queue for ivy.com
2025-01-09 08:49:48,310 ERROR scheduler Skipped queueing frappe.twofactor.delete_all_barcodes_for_users because it was found in queue for ivy.com
2025-01-09 08:49:48,317 ERROR scheduler Skipped queueing frappe.website.doctype.web_page.web_page.check_publish_status because it was found in queue for ivy.com
2025-01-09 08:49:48,326 ERROR scheduler Skipped queueing frappe.oauth.delete_oauth2_data because it was found in queue for ivy.com
2025-01-15 11:56:19,954 ERROR scheduler Skipped queueing frappe.email.queue.flush because it was found in queue for ivy.com
2025-01-15 12:00:11,464 ERROR scheduler Exception in Enqueue Events for Site ivy.com
Traceback (most recent call last):
  File "/home/ivy/frappe-bench/env/lib/python3.11/site-packages/pymysql/connections.py", line 806, in _write_bytes
    self._sock.sendall(data)
ConnectionResetError: [Errno 104] Connection reset by peer

During handling of the above exception, another exception occurred:

Traceback (most recent call last):
  File "/home/ivy/frappe-bench/apps/frappe/frappe/utils/scheduler.py", line 75, in enqueue_events_for_site
    if is_scheduler_inactive():
       ^^^^^^^^^^^^^^^^^^^^^^^
  File "/home/ivy/frappe-bench/apps/frappe/frappe/utils/scheduler.py", line 117, in is_scheduler_inactive
    if is_scheduler_disabled(verbose=verbose):
       ^^^^^^^^^^^^^^^^^^^^^^^^^^^^^^^^^^^^^^
  File "/home/ivy/frappe-bench/apps/frappe/frappe/utils/scheduler.py", line 130, in is_scheduler_disabled
    frappe.db.get_single_value("System Settings", "enable_scheduler")
  File "/home/ivy/frappe-bench/apps/frappe/frappe/database/database.py", line 837, in get_single_value
    ).run()
      ^^^^^
  File "/home/ivy/frappe-bench/apps/frappe/frappe/query_builder/utils.py", line 87, in execute_query
    result = frappe.db.sql(query, params, *args, **kwargs)  # nosemgrep
             ^^^^^^^^^^^^^^^^^^^^^^^^^^^^^^^^^^^^^^^^^^^^^
  File "/home/ivy/frappe-bench/apps/frappe/frappe/database/database.py", line 207, in sql
    self.connect()
  File "/home/ivy/frappe-bench/apps/frappe/frappe/database/database.py", line 112, in connect
    self._conn: "MariadbConnection" | "PostgresConnection" = self.get_connection()
                                                             ^^^^^^^^^^^^^^^^^^^^^
  File "/home/ivy/frappe-bench/apps/frappe/frappe/database/mariadb/database.py", line 107, in get_connection
    conn = self._get_connection()
           ^^^^^^^^^^^^^^^^^^^^^^
  File "/home/ivy/frappe-bench/apps/frappe/frappe/database/mariadb/database.py", line 113, in _get_connection
    return self.create_connection()
           ^^^^^^^^^^^^^^^^^^^^^^^^
  File "/home/ivy/frappe-bench/apps/frappe/frappe/database/mariadb/database.py", line 116, in create_connection
    return pymysql.connect(**self.get_connection_settings())
           ^^^^^^^^^^^^^^^^^^^^^^^^^^^^^^^^^^^^^^^^^^^^^^^^^
  File "/home/ivy/frappe-bench/env/lib/python3.11/site-packages/pymysql/connections.py", line 361, in __init__
    self.connect()
  File "/home/ivy/frappe-bench/env/lib/python3.11/site-packages/pymysql/connections.py", line 669, in connect
    self._request_authentication()
  File "/home/ivy/frappe-bench/env/lib/python3.11/site-packages/pymysql/connections.py", line 956, in _request_authentication
    self.write_packet(data)
  File "/home/ivy/frappe-bench/env/lib/python3.11/site-packages/pymysql/connections.py", line 732, in write_packet
    self._write_bytes(data)
  File "/home/ivy/frappe-bench/env/lib/python3.11/site-packages/pymysql/connections.py", line 809, in _write_bytes
    raise err.OperationalError(
pymysql.err.OperationalError: (2006, "MySQL server has gone away (ConnectionResetError(104, 'Connection reset by peer'))")
